2019-04-12 22:59:43,042 - seismic_prediction - INFO - Begin Logging:
2019-04-12 23:02:21,494 - seismic_prediction - INFO - Begin Logging:
2019-04-12 23:03:12,450 - seismic_prediction - INFO - Begin Logging:
2019-04-12 23:05:27,086 - seismic_prediction - INFO - Begin Logging:
2019-04-12 23:06:14,177 - seismic_prediction - INFO - Begin Logging:
2019-04-12 23:06:24,560 - seismic_prediction.train - INFO - model: xgb, fold: 0, score: 0.65
2019-04-12 23:06:35,114 - seismic_prediction.train - INFO - model: xgb, fold: 1, score: 1.47
2019-04-12 23:06:55,704 - seismic_prediction.train - INFO - model: xgb, fold: 2, score: 2.81
2019-04-12 23:07:02,307 - seismic_prediction.train - INFO - model: xgb, fold: 3, score: 0.87
2019-04-12 23:07:11,785 - seismic_prediction.train - INFO - model: xgb, fold: 4, score: 2.16
2019-04-12 23:07:18,306 - seismic_prediction.train - INFO - model: xgb, fold: 5, score: 0.97
2019-04-12 23:07:24,645 - seismic_prediction.train - INFO - model: xgb, fold: 6, score: 1.12
2019-04-12 23:07:44,371 - seismic_prediction.train - INFO - model: xgb, fold: 7, score: 3.66
2019-04-12 23:07:50,404 - seismic_prediction.train - INFO - model: xgb, fold: 8, score: 1.02
2019-04-12 23:07:56,973 - seismic_prediction.train - INFO - model: xgb, fold: 9, score: 1.10
2019-04-12 23:08:05,128 - seismic_prediction.train - INFO - model: xgb, fold: 10, score: 1.36
2019-04-12 23:08:13,527 - seismic_prediction.train - INFO - model: xgb, fold: 11, score: 1.26
2019-04-12 23:08:19,767 - seismic_prediction.train - INFO - model: xgb, fold: 12, score: 0.94
2019-04-12 23:08:25,915 - seismic_prediction.train - INFO - model: xgb, fold: 13, score: 0.98
2019-04-12 23:08:35,077 - seismic_prediction.train - INFO - model: xgb, fold: 14, score: 3.26
2019-04-12 23:08:41,236 - seismic_prediction.train - INFO - model: xgb, fold: 15, score: 1.25
2019-04-12 23:08:51,442 - seismic_prediction.train - INFO - model: xgb, fold: 16, score: 1.60
2019-04-12 23:08:51,442 - seismic_prediction.train - INFO - model: xgb, mean_score: 1.56, std: 0.86
2019-04-13 10:16:08,497 - seismic_prediction - INFO - Begin Logging:
2019-04-13 10:16:14,713 - seismic_prediction.train - INFO - model: xgb, fold: 0, score: 0.65
2019-04-13 10:16:24,954 - seismic_prediction.train - INFO - model: xgb, fold: 1, score: 1.47
2019-04-13 10:18:21,038 - seismic_prediction - INFO - Begin Logging:
2019-04-13 10:18:28,221 - seismic_prediction.train - INFO - model: xgb, fold: 0, score: 2.18
2019-04-13 10:18:34,746 - seismic_prediction.train - INFO - model: xgb, fold: 1, score: 2.05
2019-04-13 10:18:42,022 - seismic_prediction.train - INFO - model: xgb, fold: 2, score: 2.05
2019-04-13 10:18:49,207 - seismic_prediction.train - INFO - model: xgb, fold: 3, score: 2.01
2019-04-13 10:18:58,602 - seismic_prediction.train - INFO - model: xgb, fold: 4, score: 2.18
2019-04-13 10:19:05,181 - seismic_prediction.train - INFO - model: xgb, fold: 5, score: 2.06
2019-04-13 10:19:11,740 - seismic_prediction.train - INFO - model: xgb, fold: 6, score: 2.03
2019-04-13 10:19:18,275 - seismic_prediction.train - INFO - model: xgb, fold: 7, score: 1.95
2019-04-13 10:19:24,814 - seismic_prediction.train - INFO - model: xgb, fold: 8, score: 1.96
2019-04-13 10:19:31,400 - seismic_prediction.train - INFO - model: xgb, fold: 9, score: 2.21
2019-04-13 10:19:31,400 - seismic_prediction.train - INFO - model: xgb, mean_score: 2.07, std: 0.09
2019-04-15 19:01:52,752 - seismic_prediction - INFO - Begin Logging:
2019-04-15 19:02:07,365 - seismic_prediction - INFO - Begin Logging:
2019-04-15 19:02:13,290 - seismic_prediction.train - INFO - model: xgb, fold: 0, score: 0.62
2019-04-15 19:02:21,101 - seismic_prediction.train - INFO - model: xgb, fold: 1, score: 1.72
2019-04-15 19:02:29,067 - seismic_prediction.train - INFO - model: xgb, fold: 2, score: 3.32
2019-04-15 19:02:35,890 - seismic_prediction.train - INFO - model: xgb, fold: 3, score: 0.89
2019-04-15 19:02:44,042 - seismic_prediction.train - INFO - model: xgb, fold: 4, score: 2.69
2019-04-15 19:02:50,940 - seismic_prediction.train - INFO - model: xgb, fold: 5, score: 1.13
2019-04-15 19:02:57,901 - seismic_prediction.train - INFO - model: xgb, fold: 6, score: 1.25
2019-04-15 19:03:05,313 - seismic_prediction.train - INFO - model: xgb, fold: 7, score: 4.25
2019-04-15 19:03:11,995 - seismic_prediction.train - INFO - model: xgb, fold: 8, score: 1.14
2019-04-15 19:03:20,610 - seismic_prediction.train - INFO - model: xgb, fold: 9, score: 1.07
2019-04-15 19:03:28,842 - seismic_prediction.train - INFO - model: xgb, fold: 10, score: 1.63
2019-04-15 19:03:37,167 - seismic_prediction.train - INFO - model: xgb, fold: 11, score: 1.62
2019-04-15 19:03:44,564 - seismic_prediction.train - INFO - model: xgb, fold: 12, score: 1.01
2019-04-15 19:03:51,661 - seismic_prediction.train - INFO - model: xgb, fold: 13, score: 1.00
2019-04-15 19:04:00,452 - seismic_prediction.train - INFO - model: xgb, fold: 14, score: 3.77
2019-04-15 19:04:08,069 - seismic_prediction.train - INFO - model: xgb, fold: 15, score: 1.34
2019-04-15 19:04:17,121 - seismic_prediction.train - INFO - model: xgb, fold: 16, score: 2.87
2019-04-15 19:04:17,121 - seismic_prediction.train - INFO - model: xgb, mean_score: 1.84, std: 1.07
2019-04-15 19:20:15,388 - seismic_prediction - INFO - Begin Logging:
2019-04-15 19:20:21,703 - seismic_prediction.train - INFO - model: xgb, fold: 0, score: 0.62
2019-04-15 19:20:30,251 - seismic_prediction.train - INFO - model: xgb, fold: 1, score: 1.72
2019-04-15 19:20:38,775 - seismic_prediction.train - INFO - model: xgb, fold: 2, score: 3.32
2019-04-15 19:20:46,138 - seismic_prediction.train - INFO - model: xgb, fold: 3, score: 0.89
2019-04-15 19:20:54,185 - seismic_prediction.train - INFO - model: xgb, fold: 4, score: 2.69
2019-04-15 19:21:01,000 - seismic_prediction.train - INFO - model: xgb, fold: 5, score: 1.13
2019-04-15 19:21:08,083 - seismic_prediction.train - INFO - model: xgb, fold: 6, score: 1.25
2019-04-16 22:49:41,659 - seismic_prediction - INFO - Begin Logging:
2019-04-16 22:49:48,235 - seismic_prediction.train - INFO - model: xgb, fold: 0, score: 0.59
2019-04-16 22:49:56,861 - seismic_prediction.train - INFO - model: xgb, fold: 1, score: 1.69
2019-04-16 22:50:05,714 - seismic_prediction.train - INFO - model: xgb, fold: 2, score: 3.19
2019-04-16 22:50:13,515 - seismic_prediction.train - INFO - model: xgb, fold: 3, score: 0.82
2019-04-16 22:50:22,193 - seismic_prediction.train - INFO - model: xgb, fold: 4, score: 2.51
2019-04-16 22:50:29,558 - seismic_prediction.train - INFO - model: xgb, fold: 5, score: 1.23
2019-04-16 22:50:36,622 - seismic_prediction.train - INFO - model: xgb, fold: 6, score: 1.16
2019-04-16 22:50:44,904 - seismic_prediction.train - INFO - model: xgb, fold: 7, score: 4.07
2019-04-16 22:50:52,239 - seismic_prediction.train - INFO - model: xgb, fold: 8, score: 1.05
2019-04-16 22:50:59,904 - seismic_prediction.train - INFO - model: xgb, fold: 9, score: 1.03
2019-04-16 22:51:08,521 - seismic_prediction.train - INFO - model: xgb, fold: 10, score: 1.55
2019-04-16 22:51:17,364 - seismic_prediction.train - INFO - model: xgb, fold: 11, score: 1.44
2019-04-16 22:51:24,906 - seismic_prediction.train - INFO - model: xgb, fold: 12, score: 0.92
2019-04-16 22:51:32,039 - seismic_prediction.train - INFO - model: xgb, fold: 13, score: 0.97
2019-04-16 22:51:40,965 - seismic_prediction.train - INFO - model: xgb, fold: 14, score: 3.65
2019-04-16 22:51:48,451 - seismic_prediction.train - INFO - model: xgb, fold: 15, score: 1.22
2019-04-16 22:51:57,278 - seismic_prediction.train - INFO - model: xgb, fold: 16, score: 2.68
2019-04-16 22:51:57,278 - seismic_prediction.train - INFO - model: xgb, mean_score: 1.75, std: 1.03
2019-04-16 22:57:18,550 - seismic_prediction - INFO - Begin Logging:
2019-04-16 22:57:25,523 - seismic_prediction.train - INFO - model: xgb, fold: 0, score: 0.75
2019-04-16 22:57:34,839 - seismic_prediction.train - INFO - model: xgb, fold: 1, score: 1.50
2019-04-16 22:57:56,779 - seismic_prediction.train - INFO - model: xgb, fold: 2, score: 2.77
2019-04-16 22:58:04,482 - seismic_prediction.train - INFO - model: xgb, fold: 3, score: 0.83
2019-04-16 22:58:14,863 - seismic_prediction.train - INFO - model: xgb, fold: 4, score: 2.07
2019-04-16 22:58:21,643 - seismic_prediction.train - INFO - model: xgb, fold: 5, score: 1.03
2019-04-16 22:58:28,379 - seismic_prediction.train - INFO - model: xgb, fold: 6, score: 1.10
2019-04-16 22:58:48,795 - seismic_prediction.train - INFO - model: xgb, fold: 7, score: 3.58
2019-04-16 22:58:55,508 - seismic_prediction.train - INFO - model: xgb, fold: 8, score: 0.92
2019-04-16 22:59:03,247 - seismic_prediction.train - INFO - model: xgb, fold: 9, score: 1.02
2019-04-16 22:59:12,280 - seismic_prediction.train - INFO - model: xgb, fold: 10, score: 1.31
2019-04-16 22:59:21,764 - seismic_prediction.train - INFO - model: xgb, fold: 11, score: 1.17
2019-04-16 22:59:28,900 - seismic_prediction.train - INFO - model: xgb, fold: 12, score: 0.86
2019-04-16 22:59:36,199 - seismic_prediction.train - INFO - model: xgb, fold: 13, score: 0.97
2019-04-16 22:59:46,933 - seismic_prediction.train - INFO - model: xgb, fold: 14, score: 3.20
2019-04-16 22:59:54,243 - seismic_prediction.train - INFO - model: xgb, fold: 15, score: 1.14
2019-04-16 23:00:08,146 - seismic_prediction.train - INFO - model: xgb, fold: 16, score: 1.49
2019-04-16 23:00:08,146 - seismic_prediction.train - INFO - model: xgb, mean_score: 1.51, std: 0.84
2019-04-16 23:10:38,345 - seismic_prediction - INFO - Begin Logging:
2019-04-16 23:11:19,212 - seismic_prediction - INFO - Begin Logging:
2019-04-16 23:12:23,564 - seismic_prediction.train - INFO - model: lgb, fold: 0, score: 2.16
2019-04-16 23:12:28,744 - seismic_prediction.train - INFO - model: lgb, fold: 1, score: 1.52
2019-04-16 23:12:32,726 - seismic_prediction.train - INFO - model: lgb, fold: 2, score: 2.96
2019-04-16 23:12:35,967 - seismic_prediction.train - INFO - model: lgb, fold: 3, score: 1.15
2019-04-16 23:12:40,055 - seismic_prediction.train - INFO - model: lgb, fold: 4, score: 2.15
2019-04-16 23:12:43,018 - seismic_prediction.train - INFO - model: lgb, fold: 5, score: 1.96
2019-04-16 23:12:45,800 - seismic_prediction.train - INFO - model: lgb, fold: 6, score: 2.36
2019-04-16 23:12:50,182 - seismic_prediction.train - INFO - model: lgb, fold: 7, score: 3.80
2019-04-16 23:12:53,127 - seismic_prediction.train - INFO - model: lgb, fold: 8, score: 2.06
2019-04-16 23:12:56,785 - seismic_prediction.train - INFO - model: lgb, fold: 9, score: 1.14
2019-04-16 23:13:01,030 - seismic_prediction.train - INFO - model: lgb, fold: 10, score: 1.37
2019-04-16 23:13:05,137 - seismic_prediction.train - INFO - model: lgb, fold: 11, score: 1.29
2019-04-16 23:13:08,553 - seismic_prediction.train - INFO - model: lgb, fold: 12, score: 1.26
2019-04-16 23:13:11,763 - seismic_prediction.train - INFO - model: lgb, fold: 13, score: 1.58
2019-04-16 23:13:16,290 - seismic_prediction.train - INFO - model: lgb, fold: 14, score: 3.36
2019-04-16 23:13:19,509 - seismic_prediction.train - INFO - model: lgb, fold: 15, score: 1.45
2019-04-16 23:13:24,260 - seismic_prediction.train - INFO - model: lgb, fold: 16, score: 1.89
2019-04-16 23:13:24,260 - seismic_prediction.train - INFO - model: lgb, mean_score: 1.97, std: 0.76
2019-04-16 23:15:12,648 - seismic_prediction - INFO - Begin Logging:
2019-04-16 23:16:15,153 - seismic_prediction.train - INFO - model: lgb, fold: 0, score: 2.16
2019-04-16 23:16:20,264 - seismic_prediction.train - INFO - model: lgb, fold: 1, score: 1.52
2019-04-16 23:16:24,436 - seismic_prediction.train - INFO - model: lgb, fold: 2, score: 2.96
2019-04-16 23:16:27,750 - seismic_prediction.train - INFO - model: lgb, fold: 3, score: 1.15
2019-04-16 23:16:32,148 - seismic_prediction.train - INFO - model: lgb, fold: 4, score: 2.15
2019-04-16 23:16:35,087 - seismic_prediction.train - INFO - model: lgb, fold: 5, score: 1.96
2019-04-16 23:16:37,960 - seismic_prediction.train - INFO - model: lgb, fold: 6, score: 2.38
2019-04-16 23:16:42,525 - seismic_prediction.train - INFO - model: lgb, fold: 7, score: 3.82
2019-04-16 23:16:45,583 - seismic_prediction.train - INFO - model: lgb, fold: 8, score: 2.07
2019-04-16 23:16:49,540 - seismic_prediction.train - INFO - model: lgb, fold: 9, score: 1.16
2019-04-16 23:16:53,590 - seismic_prediction.train - INFO - model: lgb, fold: 10, score: 1.37
2019-04-16 23:16:57,542 - seismic_prediction.train - INFO - model: lgb, fold: 11, score: 1.29
2019-04-16 23:17:00,775 - seismic_prediction.train - INFO - model: lgb, fold: 12, score: 1.26
2019-04-16 23:17:03,828 - seismic_prediction.train - INFO - model: lgb, fold: 13, score: 1.58
2019-04-16 23:17:08,013 - seismic_prediction.train - INFO - model: lgb, fold: 14, score: 3.36
2019-04-16 23:17:11,025 - seismic_prediction.train - INFO - model: lgb, fold: 15, score: 1.45
2019-04-16 23:17:15,492 - seismic_prediction.train - INFO - model: lgb, fold: 16, score: 1.89
2019-04-16 23:17:15,493 - seismic_prediction.train - INFO - model: lgb, mean_score: 1.97, std: 0.76
2019-04-17 21:32:40,694 - seismic_prediction - INFO - Begin Logging:
2019-04-17 21:32:57,834 - seismic_prediction.train - INFO - model: lgb, fold: 0, score: 2.37
2019-04-17 21:33:03,821 - seismic_prediction.train - INFO - model: lgb, fold: 1, score: 1.45
2019-04-17 21:33:09,006 - seismic_prediction.train - INFO - model: lgb, fold: 2, score: 2.96
2019-04-17 21:33:13,007 - seismic_prediction.train - INFO - model: lgb, fold: 3, score: 1.14
2019-04-17 21:33:17,536 - seismic_prediction.train - INFO - model: lgb, fold: 4, score: 2.17
2019-04-17 21:33:21,250 - seismic_prediction.train - INFO - model: lgb, fold: 5, score: 2.01
2019-04-17 21:33:24,836 - seismic_prediction.train - INFO - model: lgb, fold: 6, score: 2.37
2019-04-17 21:33:29,823 - seismic_prediction.train - INFO - model: lgb, fold: 7, score: 3.80
2019-04-17 21:33:33,338 - seismic_prediction.train - INFO - model: lgb, fold: 8, score: 2.05
2019-04-17 21:33:37,773 - seismic_prediction.train - INFO - model: lgb, fold: 9, score: 1.08
2019-04-17 21:33:42,542 - seismic_prediction.train - INFO - model: lgb, fold: 10, score: 1.37
2019-04-17 21:33:48,048 - seismic_prediction.train - INFO - model: lgb, fold: 11, score: 1.22
2019-04-17 21:33:52,251 - seismic_prediction.train - INFO - model: lgb, fold: 12, score: 1.30
2019-04-17 21:33:55,984 - seismic_prediction.train - INFO - model: lgb, fold: 13, score: 1.52
2019-04-17 21:34:00,697 - seismic_prediction.train - INFO - model: lgb, fold: 14, score: 3.41
2019-04-17 21:34:04,507 - seismic_prediction.train - INFO - model: lgb, fold: 15, score: 1.38
2019-04-17 21:34:09,206 - seismic_prediction.train - INFO - model: lgb, fold: 16, score: 2.02
2019-04-17 21:34:09,206 - seismic_prediction.train - INFO - model: lgb, mean_score: 1.98, std: 0.78
2019-04-17 21:34:32,963 - seismic_prediction - INFO - Begin Logging:
2019-04-17 21:34:39,886 - seismic_prediction.train - INFO - model: xgb, fold: 0, score: 0.75
2019-04-17 21:34:49,140 - seismic_prediction.train - INFO - model: xgb, fold: 1, score: 1.50
2019-04-17 21:35:10,027 - seismic_prediction.train - INFO - model: xgb, fold: 2, score: 2.77
2019-04-17 21:35:17,536 - seismic_prediction.train - INFO - model: xgb, fold: 3, score: 0.83
2019-04-17 21:35:40,065 - seismic_prediction - INFO - Begin Logging:
2019-04-17 21:35:46,146 - seismic_prediction.train - INFO - model: xgb, fold: 0, score: 0.75
2019-04-17 21:35:54,403 - seismic_prediction.train - INFO - model: xgb, fold: 1, score: 1.46
2019-04-17 21:36:15,894 - seismic_prediction.train - INFO - model: xgb, fold: 2, score: 2.77
2019-04-17 21:36:21,823 - seismic_prediction.train - INFO - model: xgb, fold: 3, score: 0.82
2019-04-17 21:36:30,073 - seismic_prediction.train - INFO - model: xgb, fold: 4, score: 2.06
2019-04-17 21:36:35,861 - seismic_prediction.train - INFO - model: xgb, fold: 5, score: 1.01
2019-04-17 21:36:41,654 - seismic_prediction.train - INFO - model: xgb, fold: 6, score: 1.11
2019-04-17 21:37:02,852 - seismic_prediction.train - INFO - model: xgb, fold: 7, score: 3.54
2019-04-17 21:37:08,619 - seismic_prediction.train - INFO - model: xgb, fold: 8, score: 0.95
2019-04-17 21:37:14,679 - seismic_prediction.train - INFO - model: xgb, fold: 9, score: 1.02
2019-04-17 21:37:22,426 - seismic_prediction.train - INFO - model: xgb, fold: 10, score: 1.33
2019-04-17 21:37:30,304 - seismic_prediction.train - INFO - model: xgb, fold: 11, score: 1.14
2019-04-17 21:37:36,213 - seismic_prediction.train - INFO - model: xgb, fold: 12, score: 0.87
2019-04-17 21:37:42,059 - seismic_prediction.train - INFO - model: xgb, fold: 13, score: 0.96
2019-04-17 21:37:53,477 - seismic_prediction.train - INFO - model: xgb, fold: 14, score: 3.22
2019-04-17 21:37:59,313 - seismic_prediction.train - INFO - model: xgb, fold: 15, score: 1.09
2019-04-17 21:38:08,019 - seismic_prediction.train - INFO - model: xgb, fold: 16, score: 1.43
2019-04-17 21:38:08,019 - seismic_prediction.train - INFO - model: xgb, mean_score: 1.50, std: 0.84
2019-04-17 21:39:49,631 - seismic_prediction - INFO - Begin Logging:
2019-04-17 21:39:59,683 - seismic_prediction.train - INFO - model: xgb, fold: 0, score: 0.67
2019-04-17 21:40:06,899 - seismic_prediction.train - INFO - model: xgb, fold: 1, score: 1.63
2019-04-17 21:40:15,261 - seismic_prediction.train - INFO - model: xgb, fold: 2, score: 3.18
2019-04-17 21:40:21,960 - seismic_prediction.train - INFO - model: xgb, fold: 3, score: 0.80
2019-04-17 21:40:29,236 - seismic_prediction.train - INFO - model: xgb, fold: 4, score: 2.51
2019-04-17 21:40:35,556 - seismic_prediction.train - INFO - model: xgb, fold: 5, score: 1.24
2019-04-17 21:40:41,773 - seismic_prediction.train - INFO - model: xgb, fold: 6, score: 1.18
2019-04-17 21:40:49,031 - seismic_prediction.train - INFO - model: xgb, fold: 7, score: 4.04
2019-04-17 21:40:55,352 - seismic_prediction.train - INFO - model: xgb, fold: 8, score: 1.09
2019-04-17 21:41:02,572 - seismic_prediction.train - INFO - model: xgb, fold: 9, score: 1.03
2019-04-17 21:41:10,180 - seismic_prediction.train - INFO - model: xgb, fold: 10, score: 1.51
2019-04-17 21:41:17,646 - seismic_prediction.train - INFO - model: xgb, fold: 11, score: 1.42
2019-04-17 21:41:24,442 - seismic_prediction.train - INFO - model: xgb, fold: 12, score: 0.93
2019-04-17 21:41:31,301 - seismic_prediction.train - INFO - model: xgb, fold: 13, score: 0.98
2019-04-17 21:41:46,862 - seismic_prediction.train - INFO - model: xgb, fold: 14, score: 3.60
2019-04-17 21:41:53,356 - seismic_prediction.train - INFO - model: xgb, fold: 15, score: 1.19
2019-04-17 21:42:00,891 - seismic_prediction.train - INFO - model: xgb, fold: 16, score: 2.80
2019-04-17 21:42:00,891 - seismic_prediction.train - INFO - model: xgb, mean_score: 1.75, std: 1.02
2019-04-17 21:44:24,958 - seismic_prediction - INFO - Begin Logging:
2019-04-17 21:44:35,404 - seismic_prediction.train - INFO - model: xgb, fold: 0, score: 0.75
2019-04-17 21:44:42,824 - seismic_prediction.train - INFO - model: xgb, fold: 1, score: 1.62
2019-04-17 21:44:50,210 - seismic_prediction.train - INFO - model: xgb, fold: 2, score: 3.11
2019-04-17 21:44:56,480 - seismic_prediction.train - INFO - model: xgb, fold: 3, score: 0.82
2019-04-17 21:45:03,660 - seismic_prediction.train - INFO - model: xgb, fold: 4, score: 2.42
2019-04-17 21:49:13,544 - seismic_prediction - INFO - Begin Logging:
2019-04-17 21:49:20,538 - seismic_prediction.train - INFO - model: xgb, fold: 0, score: 0.75
2019-04-17 21:49:28,460 - seismic_prediction.train - INFO - model: xgb, fold: 1, score: 1.46
2019-04-17 21:49:50,077 - seismic_prediction.train - INFO - model: xgb, fold: 2, score: 2.77
2019-04-17 21:49:56,009 - seismic_prediction.train - INFO - model: xgb, fold: 3, score: 0.82
2019-04-17 21:50:04,532 - seismic_prediction.train - INFO - model: xgb, fold: 4, score: 2.06
2019-04-17 21:50:10,321 - seismic_prediction.train - INFO - model: xgb, fold: 5, score: 1.01
2019-04-17 21:50:16,176 - seismic_prediction.train - INFO - model: xgb, fold: 6, score: 1.11
2019-04-17 21:55:40,345 - seismic_prediction - INFO - Begin Logging:
2019-04-17 21:55:51,172 - seismic_prediction.train - INFO - model: xgb, fold: 0, score: 0.67
2019-04-17 21:56:01,471 - seismic_prediction.train - INFO - model: xgb, fold: 1, score: 1.51
2019-04-17 21:56:20,554 - seismic_prediction.train - INFO - model: xgb, fold: 2, score: 2.77
2019-04-17 21:56:27,442 - seismic_prediction.train - INFO - model: xgb, fold: 3, score: 0.80
2019-04-17 21:56:37,708 - seismic_prediction.train - INFO - model: xgb, fold: 4, score: 2.09
2019-04-17 21:56:44,372 - seismic_prediction.train - INFO - model: xgb, fold: 5, score: 1.02
2019-04-17 21:56:51,329 - seismic_prediction.train - INFO - model: xgb, fold: 6, score: 1.09
2019-04-17 21:57:03,614 - seismic_prediction.train - INFO - model: xgb, fold: 7, score: 3.59
2019-04-17 21:57:10,628 - seismic_prediction.train - INFO - model: xgb, fold: 8, score: 0.91
2019-04-17 21:57:17,525 - seismic_prediction.train - INFO - model: xgb, fold: 9, score: 1.05
2019-04-17 21:57:25,970 - seismic_prediction.train - INFO - model: xgb, fold: 10, score: 1.35
2019-04-17 21:57:34,646 - seismic_prediction.train - INFO - model: xgb, fold: 11, score: 1.15
2019-04-17 21:57:41,415 - seismic_prediction.train - INFO - model: xgb, fold: 12, score: 0.93
2019-04-17 21:57:48,095 - seismic_prediction.train - INFO - model: xgb, fold: 13, score: 0.94
2019-04-17 21:57:58,343 - seismic_prediction.train - INFO - model: xgb, fold: 14, score: 3.18
2019-04-17 21:58:05,057 - seismic_prediction.train - INFO - model: xgb, fold: 15, score: 1.14
2019-04-17 21:58:14,300 - seismic_prediction.train - INFO - model: xgb, fold: 16, score: 1.55
2019-04-17 21:58:14,301 - seismic_prediction.train - INFO - model: xgb, mean_score: 1.51, std: 0.85
2019-04-18 19:23:06,542 - seismic_prediction - INFO - Begin Logging:
2019-04-18 19:25:52,962 - seismic_prediction - INFO - Begin Logging:
2019-04-19 08:40:42,461 - seismic_prediction - INFO - Begin Logging:
2019-04-19 08:41:10,318 - seismic_prediction - INFO - Begin Logging:
2019-04-19 08:42:41,967 - seismic_prediction.train - INFO - model: xgb, fold: 0, score: 0.72
2019-04-19 08:44:53,281 - seismic_prediction.train - INFO - model: xgb, fold: 1, score: 1.45
2019-04-19 08:47:00,827 - seismic_prediction.train - INFO - model: xgb, fold: 2, score: 2.77
2019-04-19 08:48:30,075 - seismic_prediction.train - INFO - model: xgb, fold: 3, score: 0.77
2019-04-19 08:51:16,305 - seismic_prediction.train - INFO - model: xgb, fold: 4, score: 1.97
2019-04-19 08:52:43,893 - seismic_prediction.train - INFO - model: xgb, fold: 5, score: 0.99
2019-04-19 08:54:10,552 - seismic_prediction.train - INFO - model: xgb, fold: 6, score: 1.05
2019-04-19 08:56:53,267 - seismic_prediction.train - INFO - model: xgb, fold: 7, score: 3.56
2019-04-19 08:58:19,860 - seismic_prediction.train - INFO - model: xgb, fold: 8, score: 0.93
2019-04-19 08:59:50,111 - seismic_prediction.train - INFO - model: xgb, fold: 9, score: 0.97
2019-04-19 09:02:08,358 - seismic_prediction.train - INFO - model: xgb, fold: 10, score: 1.23
2019-04-19 09:04:36,754 - seismic_prediction.train - INFO - model: xgb, fold: 11, score: 1.10
2019-04-19 09:06:05,648 - seismic_prediction.train - INFO - model: xgb, fold: 12, score: 0.87
2019-04-19 09:07:33,645 - seismic_prediction.train - INFO - model: xgb, fold: 13, score: 0.99
2019-04-19 09:09:49,158 - seismic_prediction.train - INFO - model: xgb, fold: 14, score: 3.25
2019-04-19 09:11:16,563 - seismic_prediction.train - INFO - model: xgb, fold: 15, score: 1.03
2019-04-19 09:13:43,339 - seismic_prediction.train - INFO - model: xgb, fold: 16, score: 1.38
2019-04-19 09:13:43,340 - seismic_prediction.train - INFO - model: xgb, mean_score: 1.47, std: 0.86
2019-04-19 09:16:47,372 - seismic_prediction - INFO - Begin Logging:
2019-04-19 09:18:52,719 - seismic_prediction.train - INFO - model: xgb, fold: 0, score: 2.09
2019-04-19 09:20:28,660 - seismic_prediction.train - INFO - model: xgb, fold: 1, score: 2.00
2019-04-19 09:22:20,119 - seismic_prediction.train - INFO - model: xgb, fold: 2, score: 2.02
2019-04-19 09:24:10,961 - seismic_prediction.train - INFO - model: xgb, fold: 3, score: 1.95
2019-04-19 09:26:23,315 - seismic_prediction.train - INFO - model: xgb, fold: 4, score: 2.18
2019-04-19 09:28:11,456 - seismic_prediction.train - INFO - model: xgb, fold: 5, score: 2.03
2019-04-19 09:29:50,637 - seismic_prediction.train - INFO - model: xgb, fold: 6, score: 1.93
2019-04-19 09:31:29,569 - seismic_prediction.train - INFO - model: xgb, fold: 7, score: 1.87
2019-04-19 09:34:18,369 - seismic_prediction.train - INFO - model: xgb, fold: 8, score: 1.97
2019-04-19 09:36:14,747 - seismic_prediction.train - INFO - model: xgb, fold: 9, score: 2.14
2019-04-19 09:36:14,747 - seismic_prediction.train - INFO - model: xgb, mean_score: 2.02, std: 0.09
2019-04-19 17:56:33,543 - seismic_prediction - INFO - Begin Logging:
2019-04-19 17:57:07,842 - seismic_prediction - INFO - Begin Logging:
2019-04-19 18:02:44,546 - seismic_prediction - INFO - Begin Logging:
2019-04-19 18:21:18,569 - seismic_prediction - INFO - Begin Logging:
2019-04-19 18:21:48,758 - seismic_prediction - INFO - Begin Logging:
2019-04-19 18:23:36,555 - seismic_prediction.train - INFO - model: lgb, fold: 0, score: 2.20
2019-04-19 18:24:48,434 - seismic_prediction.train - INFO - model: lgb, fold: 1, score: 1.56
2019-04-19 18:25:55,031 - seismic_prediction.train - INFO - model: lgb, fold: 2, score: 3.11
2019-04-19 20:45:36,772 - seismic_prediction - INFO - Begin Logging:
2019-04-19 20:54:29,307 - seismic_prediction - INFO - Begin Logging:
2019-04-19 20:55:24,267 - seismic_prediction - INFO - Begin Logging:
2019-04-19 20:55:46,671 - seismic_prediction - INFO - Begin Logging:
2019-04-19 20:58:09,433 - seismic_prediction - INFO - Begin Logging:
2019-04-19 20:58:30,656 - seismic_prediction - INFO - Begin Logging:
2019-04-19 20:59:24,216 - seismic_prediction - INFO - Begin Logging:
2019-04-19 21:00:44,534 - seismic_prediction.train - INFO - model: xgb, fold: 0, score: 0.80
2019-04-19 21:02:36,969 - seismic_prediction.train - INFO - model: xgb, fold: 1, score: 1.62
2019-04-19 21:03:19,018 - seismic_prediction - INFO - Begin Logging:
2019-04-19 21:04:41,137 - seismic_prediction.train - INFO - model: xgb, fold: 0, score: 0.78
2019-04-19 21:06:22,449 - seismic_prediction.train - INFO - model: xgb, fold: 1, score: 1.60
2019-04-19 21:07:32,089 - seismic_prediction - INFO - Begin Logging:
2019-04-19 21:09:02,745 - seismic_prediction.train - INFO - model: xgb, fold: 0, score: 0.78
2019-04-19 21:10:53,780 - seismic_prediction.train - INFO - model: xgb, fold: 1, score: 1.60
2019-04-19 21:13:22,860 - seismic_prediction.train - INFO - model: xgb, fold: 2, score: 2.74
2019-04-19 21:14:55,789 - seismic_prediction.train - INFO - model: xgb, fold: 3, score: 0.97
2019-04-19 21:17:10,130 - seismic_prediction.train - INFO - model: xgb, fold: 4, score: 1.92
2019-04-19 21:18:34,265 - seismic_prediction.train - INFO - model: xgb, fold: 5, score: 0.96
2019-04-19 21:19:58,692 - seismic_prediction.train - INFO - model: xgb, fold: 6, score: 1.04
2019-04-19 21:22:35,317 - seismic_prediction.train - INFO - model: xgb, fold: 7, score: 3.66
2019-04-19 21:24:01,201 - seismic_prediction.train - INFO - model: xgb, fold: 8, score: 0.99
2019-04-19 21:25:33,935 - seismic_prediction.train - INFO - model: xgb, fold: 9, score: 1.07
2019-04-19 21:27:28,896 - seismic_prediction.train - INFO - model: xgb, fold: 10, score: 1.30
2019-04-19 21:29:22,102 - seismic_prediction.train - INFO - model: xgb, fold: 11, score: 1.18
2019-04-19 21:31:02,271 - seismic_prediction.train - INFO - model: xgb, fold: 12, score: 0.95
2019-04-19 21:32:30,383 - seismic_prediction.train - INFO - model: xgb, fold: 13, score: 1.08
2019-04-19 23:17:04,682 - seismic_prediction - INFO - Begin Logging:
2019-04-19 23:17:19,348 - seismic_prediction - INFO - Begin Logging:
2019-04-19 23:17:35,217 - seismic_prediction.train - INFO - model: xgb, fold: 0, score: 0.72
2019-04-19 23:18:32,839 - seismic_prediction - INFO - Begin Logging:
2019-04-19 23:18:39,043 - seismic_prediction.train - INFO - model: xgb, fold: 0, score: 0.72
2019-04-19 23:19:07,425 - seismic_prediction.train - INFO - model: xgb, fold: 1, score: 1.51
2019-04-19 23:19:42,753 - seismic_prediction.train - INFO - model: xgb, fold: 2, score: 2.76
2019-04-19 23:19:49,694 - seismic_prediction.train - INFO - model: xgb, fold: 3, score: 0.76
2019-04-19 23:20:07,879 - seismic_prediction.train - INFO - model: xgb, fold: 4, score: 1.95
2019-04-19 23:20:14,335 - seismic_prediction.train - INFO - model: xgb, fold: 5, score: 1.00
2019-04-19 23:20:20,712 - seismic_prediction.train - INFO - model: xgb, fold: 6, score: 1.07
2019-04-19 23:20:43,092 - seismic_prediction.train - INFO - model: xgb, fold: 7, score: 3.52
2019-04-19 23:20:49,528 - seismic_prediction.train - INFO - model: xgb, fold: 8, score: 0.93
2019-04-19 23:20:56,732 - seismic_prediction.train - INFO - model: xgb, fold: 9, score: 0.98
2019-04-19 23:21:16,480 - seismic_prediction.train - INFO - model: xgb, fold: 10, score: 1.23
2019-04-19 23:21:27,065 - seismic_prediction.train - INFO - model: xgb, fold: 11, score: 1.10
2019-04-19 23:21:33,898 - seismic_prediction.train - INFO - model: xgb, fold: 12, score: 0.88
2019-04-19 23:21:40,527 - seismic_prediction.train - INFO - model: xgb, fold: 13, score: 0.98
2019-04-19 23:21:56,562 - seismic_prediction.train - INFO - model: xgb, fold: 14, score: 3.18
2019-04-19 23:22:03,189 - seismic_prediction.train - INFO - model: xgb, fold: 15, score: 0.97
2019-04-19 23:22:21,287 - seismic_prediction.train - INFO - model: xgb, fold: 16, score: 1.38
2019-04-19 23:22:21,287 - seismic_prediction.train - INFO - model: xgb, mean_score: 1.47, std: 0.84
2019-04-20 13:58:36,111 - seismic_prediction - INFO - Begin Logging:
2019-04-20 14:02:17,203 - seismic_prediction - INFO - Begin Logging:
2019-04-20 14:31:13,828 - seismic_prediction - INFO - Begin Logging:
2019-04-20 14:32:28,257 - seismic_prediction - INFO - Begin Logging:
2019-04-20 14:34:12,611 - seismic_prediction.train - INFO - model: lgb, fold: 0, score: 3.29
2019-04-20 14:36:46,275 - seismic_prediction.train - INFO - model: lgb, fold: 1, score: 1.50
2019-04-20 14:41:09,829 - seismic_prediction - INFO - Begin Logging:
2019-04-20 14:42:48,932 - seismic_prediction.train - INFO - model: lgb, fold: 0, score: 3.29
2019-04-20 14:43:57,696 - seismic_prediction - INFO - Begin Logging:
2019-04-20 14:46:08,842 - seismic_prediction - INFO - Begin Logging:
2019-04-20 14:46:23,407 - seismic_prediction.train - INFO - model: lgb, fold: 0, score: 3.24
2019-04-20 14:46:32,417 - seismic_prediction.train - INFO - model: lgb, fold: 1, score: 1.54
2019-04-20 14:46:49,468 - seismic_prediction.train - INFO - model: lgb, fold: 2, score: 2.76
2019-04-20 14:46:56,851 - seismic_prediction.train - INFO - model: lgb, fold: 3, score: 1.42
2019-04-20 14:47:10,559 - seismic_prediction.train - INFO - model: lgb, fold: 4, score: 1.96
2019-04-20 14:47:15,462 - seismic_prediction.train - INFO - model: lgb, fold: 5, score: 2.23
2019-04-20 14:47:20,429 - seismic_prediction.train - INFO - model: lgb, fold: 6, score: 2.50
2019-04-20 14:47:36,826 - seismic_prediction.train - INFO - model: lgb, fold: 7, score: 3.51
2019-04-20 14:47:41,809 - seismic_prediction.train - INFO - model: lgb, fold: 8, score: 2.24
2019-04-20 14:47:47,685 - seismic_prediction.train - INFO - model: lgb, fold: 9, score: 1.30
2019-04-20 14:47:55,888 - seismic_prediction.train - INFO - model: lgb, fold: 10, score: 1.21
2019-04-20 14:48:04,772 - seismic_prediction.train - INFO - model: lgb, fold: 11, score: 1.10
2019-04-20 14:48:10,480 - seismic_prediction.train - INFO - model: lgb, fold: 12, score: 1.61
2019-04-20 14:48:15,775 - seismic_prediction.train - INFO - model: lgb, fold: 13, score: 1.93
2019-04-20 14:48:25,289 - seismic_prediction.train - INFO - model: lgb, fold: 14, score: 3.20
2019-04-20 14:48:30,924 - seismic_prediction.train - INFO - model: lgb, fold: 15, score: 1.74
2019-04-20 14:48:39,199 - seismic_prediction.train - INFO - model: lgb, fold: 16, score: 1.39
2019-04-20 14:48:39,199 - seismic_prediction.train - INFO - model: lgb, mean_score: 2.05, std: 0.74
2019-04-20 14:49:22,018 - seismic_prediction - INFO - Begin Logging:
2019-04-20 14:49:36,550 - seismic_prediction.train - INFO - model: lgb, fold: 0, score: 3.25
2019-04-20 14:49:46,179 - seismic_prediction.train - INFO - model: lgb, fold: 1, score: 1.54
2019-04-20 14:50:24,916 - seismic_prediction.train - INFO - model: lgb, fold: 2, score: 2.77
2019-04-20 14:50:30,254 - seismic_prediction - INFO - Begin Logging:
2019-04-20 14:52:33,620 - seismic_prediction.train - INFO - model: lgb, fold: 0, score: 3.27
2019-04-20 14:55:02,902 - seismic_prediction.train - INFO - model: lgb, fold: 1, score: 1.49
2019-04-20 14:56:45,013 - seismic_prediction.train - INFO - model: lgb, fold: 2, score: 2.75
2019-04-20 14:57:39,579 - seismic_prediction.train - INFO - model: lgb, fold: 3, score: 1.44
2019-04-20 15:00:43,165 - seismic_prediction.train - INFO - model: lgb, fold: 4, score: 1.96
2019-04-20 15:01:05,625 - seismic_prediction.train - INFO - model: lgb, fold: 5, score: 2.26
2019-04-20 15:01:28,496 - seismic_prediction.train - INFO - model: lgb, fold: 6, score: 2.60
2019-04-20 15:03:06,703 - seismic_prediction - INFO - Begin Logging:
2019-04-20 15:03:12,808 - seismic_prediction.train - INFO - model: xgb, fold: 0, score: 0.62
2019-04-20 15:03:32,254 - seismic_prediction.train - INFO - model: xgb, fold: 1, score: 1.51
2019-04-20 15:04:04,525 - seismic_prediction.train - INFO - model: xgb, fold: 2, score: 2.76
2019-04-20 15:04:11,409 - seismic_prediction.train - INFO - model: xgb, fold: 3, score: 0.76
2019-04-20 15:04:37,095 - seismic_prediction.train - INFO - model: xgb, fold: 4, score: 1.95
2019-04-20 15:04:43,867 - seismic_prediction.train - INFO - model: xgb, fold: 5, score: 0.99
2019-04-20 15:04:50,794 - seismic_prediction.train - INFO - model: xgb, fold: 6, score: 1.07
2019-04-20 15:05:15,780 - seismic_prediction.train - INFO - model: xgb, fold: 7, score: 3.52
2019-04-20 15:05:22,161 - seismic_prediction.train - INFO - model: xgb, fold: 8, score: 0.93
2019-04-20 15:05:29,293 - seismic_prediction.train - INFO - model: xgb, fold: 9, score: 0.98
2019-04-20 15:05:42,038 - seismic_prediction.train - INFO - model: xgb, fold: 10, score: 1.23
2019-04-20 15:05:57,388 - seismic_prediction.train - INFO - model: xgb, fold: 11, score: 1.09
2019-04-20 15:06:04,197 - seismic_prediction.train - INFO - model: xgb, fold: 12, score: 0.88
2019-04-20 15:06:10,946 - seismic_prediction.train - INFO - model: xgb, fold: 13, score: 0.98
2019-04-20 15:06:25,969 - seismic_prediction.train - INFO - model: xgb, fold: 14, score: 3.18
2019-04-20 15:06:32,575 - seismic_prediction.train - INFO - model: xgb, fold: 15, score: 0.96
2019-04-20 15:06:51,188 - seismic_prediction.train - INFO - model: xgb, fold: 16, score: 1.38
2019-04-20 15:06:51,188 - seismic_prediction.train - INFO - model: xgb, mean_score: 1.46, std: 0.85
2019-04-20 15:08:44,806 - seismic_prediction - INFO - Begin Logging:
2019-04-20 15:12:34,768 - seismic_prediction - INFO - Begin Logging:
2019-04-20 15:13:31,022 - seismic_prediction.train - INFO - model: lgb, fold: 0, score: 2.16
2019-04-20 15:13:44,588 - seismic_prediction.train - INFO - model: lgb, fold: 1, score: 1.53
2019-04-20 15:13:57,663 - seismic_prediction.train - INFO - model: lgb, fold: 2, score: 3.11
2019-04-20 15:14:06,183 - seismic_prediction.train - INFO - model: lgb, fold: 3, score: 1.06
2019-04-20 15:14:18,601 - seismic_prediction.train - INFO - model: lgb, fold: 4, score: 2.20
2019-04-20 15:14:25,986 - seismic_prediction.train - INFO - model: lgb, fold: 5, score: 1.93
2019-04-20 15:14:33,360 - seismic_prediction.train - INFO - model: lgb, fold: 6, score: 2.25
2019-04-20 15:14:45,381 - seismic_prediction.train - INFO - model: lgb, fold: 7, score: 3.85
2019-04-20 15:14:52,774 - seismic_prediction.train - INFO - model: lgb, fold: 8, score: 1.92
2019-04-20 15:15:02,396 - seismic_prediction.train - INFO - model: lgb, fold: 9, score: 1.02
2019-04-20 15:15:18,653 - seismic_prediction.train - INFO - model: lgb, fold: 10, score: 1.35
2019-04-20 15:15:31,949 - seismic_prediction.train - INFO - model: lgb, fold: 11, score: 1.24
2019-04-20 15:15:40,644 - seismic_prediction.train - INFO - model: lgb, fold: 12, score: 1.19
2019-04-20 15:15:50,679 - seismic_prediction.train - INFO - model: lgb, fold: 13, score: 1.40
2019-04-20 15:16:04,227 - seismic_prediction.train - INFO - model: lgb, fold: 14, score: 3.51
2019-04-20 15:16:12,812 - seismic_prediction.train - INFO - model: lgb, fold: 15, score: 1.22
2019-04-20 15:16:30,271 - seismic_prediction.train - INFO - model: lgb, fold: 16, score: 2.23
2019-04-20 15:16:30,271 - seismic_prediction.train - INFO - model: lgb, mean_score: 1.95, std: 0.83
2019-04-20 21:28:21,936 - seismic_prediction - INFO - Begin Logging:
2019-04-20 21:28:34,128 - seismic_prediction.train - INFO - model: lgb, fold: 0, score: 3.22
2019-04-20 21:28:54,934 - seismic_prediction.train - INFO - model: lgb, fold: 1, score: 1.50
2019-04-20 21:29:22,663 - seismic_prediction.train - INFO - model: lgb, fold: 2, score: 2.77
2019-04-20 21:29:29,207 - seismic_prediction.train - INFO - model: lgb, fold: 3, score: 1.39
2019-04-20 21:30:26,579 - seismic_prediction.train - INFO - model: lgb, fold: 4, score: 1.89
2019-04-20 21:30:31,823 - seismic_prediction.train - INFO - model: lgb, fold: 5, score: 2.15
2019-04-20 21:30:36,903 - seismic_prediction.train - INFO - model: lgb, fold: 6, score: 2.45
2019-04-20 21:31:09,395 - seismic_prediction.train - INFO - model: lgb, fold: 7, score: 3.43
2019-04-20 21:31:14,522 - seismic_prediction.train - INFO - model: lgb, fold: 8, score: 2.16
2019-04-20 21:31:22,049 - seismic_prediction.train - INFO - model: lgb, fold: 9, score: 1.26
2019-04-20 21:31:38,353 - seismic_prediction.train - INFO - model: lgb, fold: 10, score: 1.23
2019-04-20 21:31:51,619 - seismic_prediction.train - INFO - model: lgb, fold: 11, score: 1.15
2019-04-20 21:31:57,974 - seismic_prediction.train - INFO - model: lgb, fold: 12, score: 1.55
2019-04-20 21:32:03,397 - seismic_prediction.train - INFO - model: lgb, fold: 13, score: 1.98
2019-04-20 21:33:06,969 - seismic_prediction.train - INFO - model: lgb, fold: 14, score: 3.13
2019-04-20 21:33:12,334 - seismic_prediction.train - INFO - model: lgb, fold: 15, score: 1.88
2019-04-20 21:33:34,454 - seismic_prediction.train - INFO - model: lgb, fold: 16, score: 1.31
2019-04-20 21:33:34,455 - seismic_prediction.train - INFO - model: lgb, mean_score: 2.03, std: 0.72
2019-04-20 21:33:59,007 - seismic_prediction - INFO - Begin Logging:
2019-04-20 21:34:35,942 - seismic_prediction.train - INFO - model: lgb, fold: 0, score: 3.22
2019-04-20 21:35:45,571 - seismic_prediction.train - INFO - model: lgb, fold: 1, score: 1.49
2019-04-20 21:37:06,025 - seismic_prediction.train - INFO - model: lgb, fold: 2, score: 2.71
2019-04-20 21:37:27,478 - seismic_prediction.train - INFO - model: lgb, fold: 3, score: 1.22
2019-04-20 21:38:58,921 - seismic_prediction.train - INFO - model: lgb, fold: 4, score: 1.92
2019-04-20 21:39:09,696 - seismic_prediction.train - INFO - model: lgb, fold: 5, score: 2.12
2019-04-20 21:39:18,464 - seismic_prediction.train - INFO - model: lgb, fold: 6, score: 2.45
2019-04-20 21:40:44,348 - seismic_prediction.train - INFO - model: lgb, fold: 7, score: 3.52
2019-04-20 21:40:54,698 - seismic_prediction.train - INFO - model: lgb, fold: 8, score: 2.19
2019-04-20 21:41:21,636 - seismic_prediction.train - INFO - model: lgb, fold: 9, score: 1.03
2019-04-20 21:42:30,014 - seismic_prediction.train - INFO - model: lgb, fold: 10, score: 1.20
2019-04-20 21:43:42,636 - seismic_prediction.train - INFO - model: lgb, fold: 11, score: 1.06
2019-04-20 21:44:03,496 - seismic_prediction.train - INFO - model: lgb, fold: 12, score: 1.32
2019-04-20 21:44:21,308 - seismic_prediction.train - INFO - model: lgb, fold: 13, score: 1.69
2019-04-20 21:45:52,843 - seismic_prediction.train - INFO - model: lgb, fold: 14, score: 3.11
2019-04-20 21:46:11,475 - seismic_prediction.train - INFO - model: lgb, fold: 15, score: 1.36
2019-04-20 21:47:33,442 - seismic_prediction.train - INFO - model: lgb, fold: 16, score: 1.29
2019-04-20 21:47:33,442 - seismic_prediction.train - INFO - model: lgb, mean_score: 1.94, std: 0.79
2019-04-21 15:47:31,536 - seismic_prediction - INFO - Begin Logging:
2019-04-21 15:51:54,443 - seismic_prediction - INFO - Begin Logging:
2019-04-21 15:54:19,310 - seismic_prediction - INFO - Begin Logging:
2019-04-21 15:55:26,608 - seismic_prediction.train - INFO - model: lgb, fold: 0, score: 2.16
2019-04-21 15:55:42,766 - seismic_prediction.train - INFO - model: lgb, fold: 1, score: 1.56
2019-04-21 15:55:55,089 - seismic_prediction.train - INFO - model: lgb, fold: 2, score: 3.10
2019-04-21 15:56:04,610 - seismic_prediction.train - INFO - model: lgb, fold: 3, score: 1.04
2019-04-21 15:56:16,045 - seismic_prediction.train - INFO - model: lgb, fold: 4, score: 2.21
2019-04-21 15:56:23,985 - seismic_prediction.train - INFO - model: lgb, fold: 5, score: 1.94
2019-04-21 15:56:31,327 - seismic_prediction.train - INFO - model: lgb, fold: 6, score: 2.22
2019-04-21 15:56:43,612 - seismic_prediction.train - INFO - model: lgb, fold: 7, score: 3.85
2019-04-21 15:56:52,051 - seismic_prediction.train - INFO - model: lgb, fold: 8, score: 1.91
2019-04-21 15:57:02,922 - seismic_prediction.train - INFO - model: lgb, fold: 9, score: 1.02
2019-04-21 15:57:20,140 - seismic_prediction.train - INFO - model: lgb, fold: 10, score: 1.39
2019-04-21 15:57:39,443 - seismic_prediction.train - INFO - model: lgb, fold: 11, score: 1.25
2019-04-21 15:57:50,695 - seismic_prediction.train - INFO - model: lgb, fold: 12, score: 1.19
2019-04-21 15:58:00,835 - seismic_prediction.train - INFO - model: lgb, fold: 13, score: 1.40
2019-04-21 15:58:16,304 - seismic_prediction.train - INFO - model: lgb, fold: 14, score: 3.49
2019-04-21 15:58:25,990 - seismic_prediction.train - INFO - model: lgb, fold: 15, score: 1.23
2019-04-21 15:58:41,387 - seismic_prediction.train - INFO - model: lgb, fold: 16, score: 2.19
2019-04-21 15:58:41,387 - seismic_prediction.train - INFO - model: lgb, mean_score: 1.95, std: 0.83
2019-04-21 19:40:32,632 - seismic_prediction - INFO - Begin Logging:
2019-04-21 19:41:56,302 - seismic_prediction - INFO - Begin Logging:
2019-04-21 19:51:18,033 - seismic_prediction - INFO - Begin Logging:
2019-04-21 19:52:28,203 - seismic_prediction.train - INFO - model: lgb, fold: 0, score: 2.17
2019-04-21 19:52:42,110 - seismic_prediction.train - INFO - model: lgb, fold: 1, score: 1.54
2019-04-21 19:52:53,739 - seismic_prediction.train - INFO - model: lgb, fold: 2, score: 3.13
2019-04-21 19:53:02,762 - seismic_prediction.train - INFO - model: lgb, fold: 3, score: 1.06
2019-04-21 19:53:14,320 - seismic_prediction.train - INFO - model: lgb, fold: 4, score: 2.21
2019-04-21 19:53:21,874 - seismic_prediction.train - INFO - model: lgb, fold: 5, score: 1.94
2019-04-21 19:53:28,753 - seismic_prediction.train - INFO - model: lgb, fold: 6, score: 2.21
2019-04-21 19:53:39,710 - seismic_prediction.train - INFO - model: lgb, fold: 7, score: 3.86
2019-04-21 19:53:47,189 - seismic_prediction.train - INFO - model: lgb, fold: 8, score: 1.90
2019-04-21 19:53:57,218 - seismic_prediction.train - INFO - model: lgb, fold: 9, score: 1.01
2019-04-21 19:54:11,711 - seismic_prediction.train - INFO - model: lgb, fold: 10, score: 1.36
2019-04-21 19:54:25,348 - seismic_prediction.train - INFO - model: lgb, fold: 11, score: 1.24
2019-04-21 19:54:34,444 - seismic_prediction.train - INFO - model: lgb, fold: 12, score: 1.19
2019-04-21 19:54:43,093 - seismic_prediction.train - INFO - model: lgb, fold: 13, score: 1.40
2019-04-21 19:54:56,597 - seismic_prediction.train - INFO - model: lgb, fold: 14, score: 3.47
2019-04-21 19:55:05,687 - seismic_prediction.train - INFO - model: lgb, fold: 15, score: 1.22
2019-04-21 19:55:25,623 - seismic_prediction.train - INFO - model: lgb, fold: 16, score: 2.43
2019-04-21 19:55:25,624 - seismic_prediction.train - INFO - model: lgb, mean_score: 1.96, std: 0.84
2019-04-21 19:56:41,076 - seismic_prediction - INFO - Begin Logging:
2019-04-21 19:57:21,925 - seismic_prediction.train - INFO - model: lgb, fold: 0, score: 3.25
2019-04-21 19:57:46,654 - seismic_prediction.train - INFO - model: lgb, fold: 1, score: 1.51
2019-04-21 19:58:22,979 - seismic_prediction.train - INFO - model: lgb, fold: 2, score: 2.78
2019-04-21 19:58:34,984 - seismic_prediction.train - INFO - model: lgb, fold: 3, score: 1.43
2019-04-21 19:59:07,098 - seismic_prediction.train - INFO - model: lgb, fold: 4, score: 1.94
2019-04-21 19:59:14,165 - seismic_prediction.train - INFO - model: lgb, fold: 5, score: 2.21
2019-04-21 19:59:20,509 - seismic_prediction.train - INFO - model: lgb, fold: 6, score: 2.48
2019-04-21 19:59:41,146 - seismic_prediction.train - INFO - model: lgb, fold: 7, score: 3.51
2019-04-21 19:59:48,008 - seismic_prediction.train - INFO - model: lgb, fold: 8, score: 2.25
2019-04-21 19:59:59,596 - seismic_prediction.train - INFO - model: lgb, fold: 9, score: 1.32
2019-04-21 20:00:24,344 - seismic_prediction.train - INFO - model: lgb, fold: 10, score: 1.20
2019-04-21 20:00:51,249 - seismic_prediction.train - INFO - model: lgb, fold: 11, score: 1.07
2019-04-21 20:01:01,398 - seismic_prediction.train - INFO - model: lgb, fold: 12, score: 1.59
2019-04-21 20:01:09,316 - seismic_prediction.train - INFO - model: lgb, fold: 13, score: 1.92
2019-04-21 20:01:49,487 - seismic_prediction.train - INFO - model: lgb, fold: 14, score: 3.13
2019-04-21 20:01:57,313 - seismic_prediction.train - INFO - model: lgb, fold: 15, score: 1.75
2019-04-21 20:02:20,025 - seismic_prediction.train - INFO - model: lgb, fold: 16, score: 1.34
2019-04-21 20:02:20,025 - seismic_prediction.train - INFO - model: lgb, mean_score: 2.04, std: 0.74
2019-04-22 22:28:21,491 - seismic_prediction - INFO - Begin Logging:
2019-04-22 22:29:27,869 - seismic_prediction - INFO - Begin Logging:
2019-04-22 22:30:03,466 - seismic_prediction - INFO - Begin Logging:
2019-04-22 22:30:37,174 - seismic_prediction - INFO - Begin Logging:
2019-04-22 22:30:43,703 - seismic_prediction.train.xgb - INFO - fold: 0, score: 0.62
2019-04-22 22:31:01,707 - seismic_prediction.train.xgb - INFO - fold: 1, score: 1.48
2019-04-22 22:31:19,712 - seismic_prediction.train.xgb - INFO - fold: 2, score: 2.79
2019-04-22 22:31:27,209 - seismic_prediction.train.xgb - INFO - fold: 3, score: 0.74
2019-04-22 22:31:46,647 - seismic_prediction.train.xgb - INFO - fold: 4, score: 1.99
2019-04-22 22:31:53,611 - seismic_prediction.train.xgb - INFO - fold: 5, score: 0.97
2019-04-22 22:32:00,569 - seismic_prediction.train.xgb - INFO - fold: 6, score: 1.05
2019-04-22 22:32:19,487 - seismic_prediction.train.xgb - INFO - fold: 7, score: 3.55
2019-04-22 22:32:26,451 - seismic_prediction.train.xgb - INFO - fold: 8, score: 0.93
2019-04-22 22:32:34,380 - seismic_prediction.train.xgb - INFO - fold: 9, score: 0.96
2019-04-22 22:32:48,379 - seismic_prediction.train.xgb - INFO - fold: 10, score: 1.23
2019-04-22 22:33:02,554 - seismic_prediction.train.xgb - INFO - fold: 11, score: 1.11
2019-04-22 22:33:10,545 - seismic_prediction.train.xgb - INFO - fold: 12, score: 0.87
2019-04-22 22:33:17,739 - seismic_prediction.train.xgb - INFO - fold: 13, score: 0.97
2019-04-22 22:33:37,831 - seismic_prediction.train.xgb - INFO - fold: 14, score: 3.18
2019-04-22 22:33:45,028 - seismic_prediction.train.xgb - INFO - fold: 15, score: 1.02
2019-04-22 22:34:00,903 - seismic_prediction.train.xgb - INFO - fold: 16, score: 1.36
2019-04-22 22:34:00,903 - seismic_prediction.train.xgb - INFO - mean_score: 1.46, std: 0.86
2019-04-22 22:42:51,978 - LANL - INFO - Begin Logging:
2019-04-22 22:43:42,882 - LANL.train.lgb - INFO - fold: 0, score: 3.25
2019-04-22 22:44:07,361 - LANL.train.lgb - INFO - fold: 1, score: 1.51
2019-04-22 22:59:34,020 - LANL - INFO - Begin Logging:
2019-04-22 22:59:59,092 - LANL - INFO - Begin Logging:
2019-04-22 23:01:47,925 - LANL - INFO - Begin Logging:
2019-04-22 23:01:53,969 - LANL.train.cat - INFO - fold: 0, score: 0.70
2019-04-22 23:02:36,037 - LANL.train.cat - INFO - fold: 1, score: 1.45
2019-04-22 23:03:24,665 - LANL.train.cat - INFO - fold: 2, score: 2.77
2019-04-23 22:00:23,578 - LANL - INFO - Begin Logging:
2019-04-24 21:23:34,865 - LANL - INFO - Begin Logging:
2019-04-24 22:13:23,785 - LANL - INFO - Begin Logging:
2019-04-24 22:15:48,289 - LANL - INFO - Begin Logging:
2019-04-24 22:17:29,525 - LANL - INFO - Begin Logging:
2019-04-24 22:18:32,641 - LANL - INFO - Begin Logging:
2019-04-24 22:19:01,803 - LANL.train.lgb - INFO - fold: 0, score: 3.26
2019-04-24 22:19:26,701 - LANL.train.lgb - INFO - fold: 1, score: 1.49
2019-04-24 22:19:54,276 - LANL.train.lgb - INFO - fold: 2, score: 2.77
2019-04-24 22:20:04,915 - LANL.train.lgb - INFO - fold: 3, score: 1.43
2019-04-24 22:20:44,224 - LANL.train.lgb - INFO - fold: 4, score: 1.93
2019-04-24 22:20:50,971 - LANL.train.lgb - INFO - fold: 5, score: 2.22
2019-04-24 22:20:57,047 - LANL.train.lgb - INFO - fold: 6, score: 2.48
2019-04-24 22:21:12,996 - LANL.train.lgb - INFO - fold: 7, score: 3.53
2019-04-24 22:21:19,621 - LANL.train.lgb - INFO - fold: 8, score: 2.25
2019-04-24 22:21:30,706 - LANL.train.lgb - INFO - fold: 9, score: 1.31
2019-04-24 22:21:49,825 - LANL.train.lgb - INFO - fold: 10, score: 1.22
2019-04-24 22:22:07,100 - LANL.train.lgb - INFO - fold: 11, score: 1.06
2019-04-24 22:22:16,877 - LANL.train.lgb - INFO - fold: 12, score: 1.59
2019-04-24 22:22:24,390 - LANL.train.lgb - INFO - fold: 13, score: 1.92
2019-04-24 22:22:49,492 - LANL.train.lgb - INFO - fold: 14, score: 3.13
2019-04-24 22:22:56,800 - LANL.train.lgb - INFO - fold: 15, score: 1.76
2019-04-24 22:23:25,184 - LANL.train.lgb - INFO - fold: 16, score: 1.31
2019-04-24 22:23:25,185 - LANL.train.lgb - INFO - mean_score: 2.04, std: 0.74
2019-04-24 22:25:06,541 - LANL - INFO - Begin Logging:
2019-04-24 22:26:23,926 - LANL.train.lgb - INFO - fold: 0, score: 2.17
2019-04-24 22:26:37,343 - LANL.train.lgb - INFO - fold: 1, score: 1.55
2019-04-24 22:26:48,316 - LANL.train.lgb - INFO - fold: 2, score: 3.14
2019-04-24 22:26:56,649 - LANL.train.lgb - INFO - fold: 3, score: 1.04
2019-04-24 22:27:07,683 - LANL.train.lgb - INFO - fold: 4, score: 2.22
2019-04-24 22:27:14,782 - LANL.train.lgb - INFO - fold: 5, score: 1.93
2019-04-24 22:27:21,343 - LANL.train.lgb - INFO - fold: 6, score: 2.21
2019-04-24 22:27:33,448 - LANL.train.lgb - INFO - fold: 7, score: 3.86
2019-04-24 22:27:40,405 - LANL.train.lgb - INFO - fold: 8, score: 1.94
2019-04-24 22:27:50,328 - LANL.train.lgb - INFO - fold: 9, score: 1.02
2019-04-24 22:28:03,642 - LANL.train.lgb - INFO - fold: 10, score: 1.34
2019-04-24 22:28:16,923 - LANL.train.lgb - INFO - fold: 11, score: 1.24
2019-04-24 22:28:25,655 - LANL.train.lgb - INFO - fold: 12, score: 1.19
2019-04-24 22:28:33,709 - LANL.train.lgb - INFO - fold: 13, score: 1.40
2019-04-24 22:28:46,108 - LANL.train.lgb - INFO - fold: 14, score: 3.50
2019-04-24 22:28:54,462 - LANL.train.lgb - INFO - fold: 15, score: 1.23
2019-04-24 22:29:11,347 - LANL.train.lgb - INFO - fold: 16, score: 2.18
2019-04-24 22:29:11,347 - LANL.train.lgb - INFO - mean_score: 1.95, std: 0.83
2019-04-24 22:33:56,768 - LANL - INFO - Begin Logging:
2019-04-24 22:38:40,603 - LANL - INFO - Begin Logging:
2019-04-24 22:39:53,703 - LANL - INFO - Begin Logging:
2019-04-24 22:41:06,799 - LANL - INFO - Begin Logging:
2019-04-24 22:41:44,524 - LANL.train.sklearn - INFO - fold: 0, score: 3.35
2019-04-24 22:42:19,625 - LANL.train.sklearn - INFO - fold: 1, score: 1.49
2019-04-24 22:42:53,215 - LANL.train.sklearn - INFO - fold: 2, score: 2.70
2019-04-24 22:43:28,480 - LANL.train.sklearn - INFO - fold: 3, score: 1.51
2019-04-24 22:44:03,190 - LANL.train.sklearn - INFO - fold: 4, score: 1.97
2019-04-24 22:44:40,097 - LANL.train.sklearn - INFO - fold: 5, score: 2.74
2019-04-24 22:45:15,682 - LANL.train.sklearn - INFO - fold: 6, score: 2.96
2019-04-24 22:55:33,247 - LANL - INFO - Begin Logging:
2019-04-24 22:55:39,492 - LANL.train.xgb - INFO - fold: 0, score: 0.64
2019-04-24 22:55:58,708 - LANL.train.xgb - INFO - fold: 1, score: 1.52
2019-04-24 22:56:16,733 - LANL.train.xgb - INFO - fold: 2, score: 2.82
2019-04-24 22:56:24,368 - LANL.train.xgb - INFO - fold: 3, score: 0.77
2019-04-24 22:56:51,174 - LANL.train.xgb - INFO - fold: 4, score: 1.97
2019-04-24 22:56:57,803 - LANL.train.xgb - INFO - fold: 5, score: 0.97
2019-04-24 22:57:04,868 - LANL.train.xgb - INFO - fold: 6, score: 1.06
2019-04-24 22:57:38,352 - LANL.train.xgb - INFO - fold: 7, score: 3.53
2019-04-24 22:57:46,652 - LANL.train.xgb - INFO - fold: 8, score: 0.92
2019-04-24 22:58:00,104 - LANL.train.xgb - INFO - fold: 9, score: 0.99
2019-04-24 22:58:12,644 - LANL.train.xgb - INFO - fold: 10, score: 1.22
2019-04-24 22:58:26,321 - LANL.train.xgb - INFO - fold: 11, score: 1.07
2019-04-24 22:58:33,420 - LANL.train.xgb - INFO - fold: 12, score: 0.87
2019-04-24 22:58:40,408 - LANL.train.xgb - INFO - fold: 13, score: 1.01
2019-04-24 22:59:00,237 - LANL.train.xgb - INFO - fold: 14, score: 3.18
2019-04-24 22:59:07,120 - LANL.train.xgb - INFO - fold: 15, score: 1.00
2019-04-24 22:59:26,891 - LANL.train.xgb - INFO - fold: 16, score: 1.37
2019-04-24 22:59:26,897 - LANL.train.xgb - INFO - mean_score: 1.47, std: 0.85
2019-04-24 23:01:16,945 - LANL - INFO - Begin Logging:
2019-04-24 23:01:29,208 - LANL.train.sklearn - INFO - fold: 0, score: 3.60
2019-04-24 23:01:40,447 - LANL.train.sklearn - INFO - fold: 1, score: 1.91
2019-04-24 23:01:51,434 - LANL.train.sklearn - INFO - fold: 2, score: 2.93
2019-04-24 23:02:02,845 - LANL.train.sklearn - INFO - fold: 3, score: 1.39
2019-04-24 23:02:13,958 - LANL.train.sklearn - INFO - fold: 4, score: 2.33
2019-04-24 23:02:25,464 - LANL.train.sklearn - INFO - fold: 5, score: 2.15
2019-04-24 23:02:37,061 - LANL.train.sklearn - INFO - fold: 6, score: 2.43
2019-04-24 23:02:47,860 - LANL.train.sklearn - INFO - fold: 7, score: 3.94
2019-04-24 23:02:59,362 - LANL.train.sklearn - INFO - fold: 8, score: 2.41
2019-04-24 23:03:10,752 - LANL.train.sklearn - INFO - fold: 9, score: 1.21
2019-04-24 23:03:21,961 - LANL.train.sklearn - INFO - fold: 10, score: 1.75
2019-04-24 23:03:33,193 - LANL.train.sklearn - INFO - fold: 11, score: 1.51
2019-04-24 23:03:44,628 - LANL.train.sklearn - INFO - fold: 12, score: 1.45
2019-04-24 23:03:56,064 - LANL.train.sklearn - INFO - fold: 13, score: 1.86
2019-04-24 23:04:06,988 - LANL.train.sklearn - INFO - fold: 14, score: 3.65
2019-04-24 23:04:18,350 - LANL.train.sklearn - INFO - fold: 15, score: 1.45
2019-04-24 23:04:30,346 - LANL.train.sklearn - INFO - fold: 16, score: 2.41
2019-04-24 23:04:30,346 - LANL.train.sklearn - INFO - mean_score: 2.26, std: 0.82
2019-04-24 23:07:57,485 - LANL - INFO - Begin Logging:
2019-04-24 23:08:03,777 - LANL.train.xgb - INFO - fold: 0, score: 0.64
2019-04-24 23:08:22,456 - LANL.train.xgb - INFO - fold: 1, score: 1.52
2019-04-24 23:08:39,951 - LANL.train.xgb - INFO - fold: 2, score: 2.82
2019-04-24 23:08:47,207 - LANL.train.xgb - INFO - fold: 3, score: 0.77
2019-04-24 23:09:11,675 - LANL.train.xgb - INFO - fold: 4, score: 1.97
2019-04-24 23:09:18,438 - LANL.train.xgb - INFO - fold: 5, score: 0.97
2019-04-24 23:09:25,104 - LANL.train.xgb - INFO - fold: 6, score: 1.06
2019-04-24 23:09:44,650 - LANL.train.xgb - INFO - fold: 7, score: 3.53
2019-04-24 23:09:51,369 - LANL.train.xgb - INFO - fold: 8, score: 0.92
2019-04-24 23:09:59,058 - LANL.train.xgb - INFO - fold: 9, score: 0.99
2019-04-24 23:10:11,731 - LANL.train.xgb - INFO - fold: 10, score: 1.22
2019-04-24 23:10:25,452 - LANL.train.xgb - INFO - fold: 11, score: 1.07
2019-04-24 23:10:32,677 - LANL.train.xgb - INFO - fold: 12, score: 0.87
2019-04-24 23:10:39,701 - LANL.train.xgb - INFO - fold: 13, score: 1.01
2019-04-24 23:10:58,219 - LANL.train.xgb - INFO - fold: 14, score: 3.18
2019-04-24 23:11:05,253 - LANL.train.xgb - INFO - fold: 15, score: 1.00
2019-04-24 23:11:25,139 - LANL.train.xgb - INFO - fold: 16, score: 1.37
2019-04-24 23:11:25,140 - LANL.train.xgb - INFO - mean_score: 1.47, std: 0.85
2019-04-24 23:12:41,498 - LANL.train.lgb - INFO - fold: 0, score: 2.17
2019-04-24 23:12:55,051 - LANL.train.lgb - INFO - fold: 1, score: 1.55
2019-04-24 23:13:07,595 - LANL.train.lgb - INFO - fold: 2, score: 3.14
2019-04-24 23:13:16,361 - LANL.train.lgb - INFO - fold: 3, score: 1.04
2019-04-24 23:13:28,349 - LANL.train.lgb - INFO - fold: 4, score: 2.22
2019-04-24 23:13:35,430 - LANL.train.lgb - INFO - fold: 5, score: 1.93
2019-04-24 23:13:42,044 - LANL.train.lgb - INFO - fold: 6, score: 2.21
2019-04-24 23:13:54,303 - LANL.train.lgb - INFO - fold: 7, score: 3.86
2019-04-24 23:14:01,300 - LANL.train.lgb - INFO - fold: 8, score: 1.94
2019-04-24 23:14:11,262 - LANL.train.lgb - INFO - fold: 9, score: 1.02
2019-04-24 23:14:24,639 - LANL.train.lgb - INFO - fold: 10, score: 1.34
2019-04-24 23:14:38,096 - LANL.train.lgb - INFO - fold: 11, score: 1.24
2019-04-24 23:14:46,864 - LANL.train.lgb - INFO - fold: 12, score: 1.19
2019-04-24 23:14:54,937 - LANL.train.lgb - INFO - fold: 13, score: 1.40
2019-04-24 23:15:07,388 - LANL.train.lgb - INFO - fold: 14, score: 3.50
2019-04-24 23:15:15,777 - LANL.train.lgb - INFO - fold: 15, score: 1.23
2019-04-24 23:15:32,745 - LANL.train.lgb - INFO - fold: 16, score: 2.18
2019-04-24 23:15:32,746 - LANL.train.lgb - INFO - mean_score: 1.95, std: 0.83
2019-04-24 23:15:44,772 - LANL.train.sklearn - INFO - fold: 0, score: 3.60
2019-04-24 23:15:55,981 - LANL.train.sklearn - INFO - fold: 1, score: 1.91
2019-04-24 23:16:06,951 - LANL.train.sklearn - INFO - fold: 2, score: 2.93
2019-04-24 23:16:18,355 - LANL.train.sklearn - INFO - fold: 3, score: 1.39
2019-04-24 23:16:29,456 - LANL.train.sklearn - INFO - fold: 4, score: 2.33
2019-04-24 23:16:40,959 - LANL.train.sklearn - INFO - fold: 5, score: 2.15
2019-04-24 23:16:52,543 - LANL.train.sklearn - INFO - fold: 6, score: 2.43
2019-04-24 23:17:03,329 - LANL.train.sklearn - INFO - fold: 7, score: 3.94
2019-04-24 23:17:14,820 - LANL.train.sklearn - INFO - fold: 8, score: 2.41
2019-04-24 23:17:26,200 - LANL.train.sklearn - INFO - fold: 9, score: 1.21
2019-04-24 23:17:37,412 - LANL.train.sklearn - INFO - fold: 10, score: 1.75
2019-04-24 23:17:48,633 - LANL.train.sklearn - INFO - fold: 11, score: 1.51
2019-04-24 23:18:00,055 - LANL.train.sklearn - INFO - fold: 12, score: 1.45
2019-04-24 23:18:11,493 - LANL.train.sklearn - INFO - fold: 13, score: 1.86
2019-04-24 23:18:22,423 - LANL.train.sklearn - INFO - fold: 14, score: 3.65
2019-04-24 23:18:33,854 - LANL.train.sklearn - INFO - fold: 15, score: 1.45
2019-04-24 23:18:45,808 - LANL.train.sklearn - INFO - fold: 16, score: 2.41
2019-04-24 23:18:45,808 - LANL.train.sklearn - INFO - mean_score: 2.26, std: 0.82
2019-04-25 22:01:39,082 - LANL - INFO - Begin Logging:
2019-04-25 22:03:24,000 - LANL - INFO - Begin Logging:
2019-04-25 22:06:07,968 - LANL - INFO - Begin Logging:
2019-04-25 22:06:48,727 - LANL - INFO - Begin Logging:
2019-04-25 22:08:05,129 - LANL.train.lgb - INFO - fold: 0, score: 2.17
2019-04-25 22:08:20,581 - LANL.train.lgb - INFO - fold: 1, score: 1.55
2019-04-25 22:08:33,462 - LANL.train.lgb - INFO - fold: 2, score: 3.14
2019-04-25 22:08:43,039 - LANL.train.lgb - INFO - fold: 3, score: 1.04
2019-04-25 22:08:54,977 - LANL.train.lgb - INFO - fold: 4, score: 2.22
2019-04-25 22:09:02,248 - LANL.train.lgb - INFO - fold: 5, score: 1.93
2019-04-25 22:09:08,942 - LANL.train.lgb - INFO - fold: 6, score: 2.21
2019-04-25 22:09:22,323 - LANL.train.lgb - INFO - fold: 7, score: 3.86
2019-04-25 22:09:29,848 - LANL.train.lgb - INFO - fold: 8, score: 1.94
2019-04-25 22:09:40,044 - LANL.train.lgb - INFO - fold: 9, score: 1.02
2019-04-25 22:09:53,748 - LANL.train.lgb - INFO - fold: 10, score: 1.34
2019-04-25 22:10:07,318 - LANL.train.lgb - INFO - fold: 11, score: 1.24
2019-04-25 22:10:17,021 - LANL.train.lgb - INFO - fold: 12, score: 1.19
2019-04-25 22:10:25,021 - LANL.train.lgb - INFO - fold: 13, score: 1.40
2019-04-25 22:10:37,433 - LANL.train.lgb - INFO - fold: 14, score: 3.50
2019-04-25 22:10:45,822 - LANL.train.lgb - INFO - fold: 15, score: 1.23
2019-04-25 22:11:02,760 - LANL.train.lgb - INFO - fold: 16, score: 2.18
2019-04-25 22:11:02,761 - LANL.train.lgb - INFO - mean_score: 1.95, std: 0.83
2019-04-25 22:13:09,555 - LANL - INFO - Begin Logging:
2019-04-25 22:14:14,548 - LANL - INFO - Begin Logging:
2019-04-25 22:14:29,974 - LANL.train.lgb - INFO - fold: 0, score: 2.18
2019-04-25 22:14:33,001 - LANL.train.lgb - INFO - fold: 1, score: 1.63
2019-04-25 22:14:35,435 - LANL.train.lgb - INFO - fold: 2, score: 3.18
2019-04-25 22:14:37,416 - LANL.train.lgb - INFO - fold: 3, score: 1.03
2019-04-25 22:14:39,518 - LANL.train.lgb - INFO - fold: 4, score: 2.47
2019-04-25 22:14:41,086 - LANL.train.lgb - INFO - fold: 5, score: 1.85
2019-04-25 22:14:42,562 - LANL.train.lgb - INFO - fold: 6, score: 2.27
2019-04-25 22:14:44,796 - LANL.train.lgb - INFO - fold: 7, score: 4.00
2019-04-25 22:14:46,346 - LANL.train.lgb - INFO - fold: 8, score: 2.01
2019-04-25 22:14:48,594 - LANL.train.lgb - INFO - fold: 9, score: 1.16
2019-04-25 22:14:51,341 - LANL.train.lgb - INFO - fold: 10, score: 1.68
2019-04-25 22:14:54,065 - LANL.train.lgb - INFO - fold: 11, score: 1.45
2019-04-25 22:14:56,011 - LANL.train.lgb - INFO - fold: 12, score: 1.22
2019-04-25 22:14:57,881 - LANL.train.lgb - INFO - fold: 13, score: 1.50
2019-04-25 22:15:00,015 - LANL.train.lgb - INFO - fold: 14, score: 3.51
2019-04-25 22:15:01,840 - LANL.train.lgb - INFO - fold: 15, score: 1.42
2019-04-25 22:15:04,714 - LANL.train.lgb - INFO - fold: 16, score: 2.69
2019-04-25 22:15:04,715 - LANL.train.lgb - INFO - mean_score: 2.07, std: 0.83
2019-04-25 22:15:37,818 - LANL - INFO - Begin Logging:
2019-04-25 22:15:53,139 - LANL.train.lgb - INFO - fold: 0, score: 2.18
2019-04-25 22:15:56,199 - LANL.train.lgb - INFO - fold: 1, score: 1.63
2019-04-25 22:15:58,631 - LANL.train.lgb - INFO - fold: 2, score: 3.18
2019-04-25 22:16:00,612 - LANL.train.lgb - INFO - fold: 3, score: 1.03
2019-04-25 22:16:02,721 - LANL.train.lgb - INFO - fold: 4, score: 2.47
2019-04-25 22:16:04,331 - LANL.train.lgb - INFO - fold: 5, score: 1.85
2019-04-25 22:16:05,822 - LANL.train.lgb - INFO - fold: 6, score: 2.27
2019-04-25 22:16:08,019 - LANL.train.lgb - INFO - fold: 7, score: 4.00
2019-04-25 22:16:09,611 - LANL.train.lgb - INFO - fold: 8, score: 2.01
2019-04-25 22:16:11,877 - LANL.train.lgb - INFO - fold: 9, score: 1.16
2019-04-25 22:16:14,613 - LANL.train.lgb - INFO - fold: 10, score: 1.68
2019-04-25 22:16:17,414 - LANL.train.lgb - INFO - fold: 11, score: 1.45
2019-04-25 22:16:19,366 - LANL.train.lgb - INFO - fold: 12, score: 1.22
2019-04-25 22:16:21,268 - LANL.train.lgb - INFO - fold: 13, score: 1.50
2019-04-25 22:16:23,403 - LANL.train.lgb - INFO - fold: 14, score: 3.51
2019-04-25 22:16:25,233 - LANL.train.lgb - INFO - fold: 15, score: 1.42
2019-04-25 22:16:28,098 - LANL.train.lgb - INFO - fold: 16, score: 2.69
2019-04-25 22:16:28,099 - LANL.train.lgb - INFO - mean_score: 2.07, std: 0.83
2019-04-25 22:16:28,100 - LANL.train.lgb - INFO - Model stored!
